<?xml version="1.0" encoding="UTF-8"?>
<!-- Generated by org.testng.reporters.JUnitReportReporter -->
<testsuite hostname="Sistemas05" failures="0" tests="2" name="films.AREMflixServiceTest" time="0.025" errors="0" timestamp="2023-08-31T12:37:30 COT" skipped="0">
  <testcase classname="films.AREMflixServiceTest" name="storedinCache_Should_ReturnFalse_When_MovieNotInCache" time="0.013"/>
  <system-out/>
  <testcase classname="films.AREMflixServiceTest" name="getMovie_Should_ShowMovieInformation_When_MovieInCache" time="0.012"/>
  <system-out/>
</testsuite> <!-- films.AREMflixServiceTest -->
