<?xml version="1.0" encoding="UTF-8"?>
<!-- Generated by org.testng.reporters.JUnitReportReporter -->
<testsuite hostname="Sistemas05" failures="0" tests="2" name="films.ServerTest" time="0.009" errors="0" timestamp="2023-08-31T12:37:30 COT" skipped="0">
  <testcase classname="films.ServerTest" name="typeFileImageMediatory_ShouldReturnExtensionOfFile" time="0.004"/>
  <system-out/>
  <testcase classname="films.ServerTest" name="typeFileImageMediatory_ShouldReturnEmmptyIfnotExtension" time="0.005"/>
  <system-out/>
</testsuite> <!-- films.ServerTest -->
