<?xml version="1.0" encoding="UTF-8"?>
<!-- Generated by org.testng.reporters.JUnitReportReporter -->
<testsuite hostname="MacBook-Air-de-Isabella.local" failures="0" tests="2" name="films.ServerTest" time="0.201" errors="0" timestamp="2023-08-29T13:39:27 COT" skipped="0">
  <testcase classname="films.ServerTest" name="typeFileImageMediatory_ShouldReturnExtensionOfFile" time="0.071"/>
  <system-out/>
  <testcase classname="films.ServerTest" name="typeFileImageMediatory_ShouldReturnEmmptyIfnotExtension" time="0.130"/>
  <system-out/>
</testsuite> <!-- films.ServerTest -->
