<?xml version="1.0" encoding="UTF-8"?>
<!-- Generated by org.testng.reporters.JUnitReportReporter -->
<testsuite hostname="MacBook-Air-de-Isabella.local" failures="0" tests="2" name="films.ServerTest" time="0.118" errors="0" timestamp="2023-08-29T17:03:05 COT" skipped="0">
  <testcase classname="films.ServerTest" name="typeFileImageMediatory_ShouldReturnExtensionOfFile" time="0.040"/>
  <system-out/>
  <testcase classname="films.ServerTest" name="typeFileImageMediatory_ShouldReturnEmmptyIfnotExtension" time="0.078"/>
  <system-out/>
</testsuite> <!-- films.ServerTest -->
